Started HTTP and WebSocket JSON-RPC server at http://127.0.0.1:8545/

Accounts
========

WARNING: Funds sent on live network to accounts with publicly known private keys WILL BE LOST.

Account #0:  0xf39fd6e51aad88f6f4ce6ab8827279cfffb92266 (10000 ETH)
Private Key: 0xac0974bec39a17e36ba4a6b4d238ff944bacb478cbed5efcae784d7bf4f2ff80

Account #1:  0x70997970c51812dc3a010c7d01b50e0d17dc79c8 (10000 ETH)
Private Key: 0x59c6995e998f97a5a0044966f0945389dc9e86dae88c7a8412f4603b6b78690d

Account #2:  0x3c44cdddb6a900fa2b585dd299e03d12fa4293bc (10000 ETH)
Private Key: 0x5de4111afa1a4b94908f83103eb1f1706367c2e68ca870fc3fb9a804cdab365a

Account #3:  0x90f79bf6eb2c4f870365e785982e1f101e93b906 (10000 ETH)
Private Key: 0x7c852118294e51e653712a81e05800f419141751be58f605c371e15141b007a6

Account #4:  0x15d34aaf54267db7d7c367839aaf71a00a2c6a65 (10000 ETH)
Private Key: 0x47e179ec197488593b187f80a00eb0da91f1b9d0b13f8733639f19c30a34926a

Account #5:  0x9965507d1a55bcc2695c58ba16fb37d819b0a4dc (10000 ETH)
Private Key: 0x8b3a350cf5c34c9194ca85829a2df0ec3153be0318b5e2d3348e872092edffba

Account #6:  0x976ea74026e726554db657fa54763abd0c3a0aa9 (10000 ETH)
Private Key: 0x92db14e403b83dfe3df233f83dfa3a0d7096f21ca9b0d6d6b8d88b2b4ec1564e

Account #7:  0x14dc79964da2c08b23698b3d3cc7ca32193d9955 (10000 ETH)
Private Key: 0x4bbbf85ce3377467afe5d46f804f221813b2bb87f24d81f60f1fcdbf7cbf4356

Account #8:  0x23618e81e3f5cdf7f54c3d65f7fbc0abf5b21e8f (10000 ETH)
Private Key: 0xdbda1821b80551c9d65939329250298aa3472ba22feea921c0cf5d620ea67b97

Account #9:  0xa0ee7a142d267c1f36714e4a8f75612f20a79720 (10000 ETH)
Private Key: 0x2a871d0798f97d79848a013d4936a73bf4cc922c825d33c1cf7073dff6d409c6

Account #10: 0xbcd4042de499d14e55001ccbb24a551f3b954096 (10000 ETH)
Private Key: 0xf214f2b2cd398c806f84e317254e0f0b801d0643303237d97a22a48e01628897

Account #11: 0x71be63f3384f5fb98995898a86b02fb2426c5788 (10000 ETH)
Private Key: 0x701b615bbdfb9de65240bc28bd21bbc0d996645a3dd57e7b12bc2bdf6f192c82

Account #12: 0xfabb0ac9d68b0b445fb7357272ff202c5651694a (10000 ETH)
Private Key: 0xa267530f49f8280200edf313ee7af6b827f2a8bce2897751d06a843f644967b1

Account #13: 0x1cbd3b2770909d4e10f157cabc84c7264073c9ec (10000 ETH)
Private Key: 0x47c99abed3324a2707c28affff1267e45918ec8c3f20b8aa892e8b065d2942dd

Account #14: 0xdf3e18d64bc6a983f673ab319ccae4f1a57c7097 (10000 ETH)
Private Key: 0xc526ee95bf44d8fc405a158bb884d9d1238d99f0612e9f33d006bb0789009aaa

Account #15: 0xcd3b766ccdd6ae721141f452c550ca635964ce71 (10000 ETH)
Private Key: 0x8166f546bab6da521a8369cab06c5d2b9e46670292d85c875ee9ec20e84ffb61

Account #16: 0x2546bcd3c84621e976d8185a91a922ae77ecec30 (10000 ETH)
Private Key: 0xea6c44ac03bff858b476bba40716402b03e41b8e97e276d1baec7c37d42484a0

Account #17: 0xbda5747bfd65f08deb54cb465eb87d40e51b197e (10000 ETH)
Private Key: 0x689af8efa8c651a91ad287602527f3af2fe9f6501a7ac4b061667b5a93e037fd

Account #18: 0xdd2fd4581271e230360230f9337d5c0430bf44c0 (10000 ETH)
Private Key: 0xde9be858da4a475276426320d5e9262ecfc3ba460bfac56360bfa6c4c28b4ee0

Account #19: 0x8626f6940e2eb28930efb4cef49b2d1f2c9c1199 (10000 ETH)
Private Key: 0xdf57089febbacf7ba0bc227dafbffa9fc08a93fdc68e1e42411a14efcf23656e

WARNING: Funds sent on live network to accounts with publicly known private keys WILL BE LOST.

[32meth_getTransactionCount[0m
[32meth_estimateGas[0m
[32meth_sendRawTransaction[0m
  Contract deployment: <UnrecognizedContract>
  Contract address:    0x5fbdb2315678afecb367f032d93f642f64180aa3
  Transaction:         0xebce4436cd9145c843d50b81625cb6dd245224f147a3dc9a40bc898fcaa21ff1
  From:                0xf39fd6e51aad88f6f4ce6ab8827279cfffb92266
  Value:               0 ETH
  Gas used:            1152359 of 1152359
  Block #1:            0x44c18e77c57166f48639deed12ee0bdffdb4f6b0f8b5b7e664a4cd39c2418546

[32meth_getTransactionReceipt[0m
[32meth_accounts[0m
[32meth_call[0m
  Contract call:       <UnrecognizedContract>
  From:                0xf39fd6e51aad88f6f4ce6ab8827279cfffb92266
  To:                  0x5fbdb2315678afecb367f032d93f642f64180aa3

[32meth_call[0m
  Contract call:       <UnrecognizedContract>
  From:                0xf39fd6e51aad88f6f4ce6ab8827279cfffb92266
  To:                  0x5fbdb2315678afecb367f032d93f642f64180aa3

[32meth_getTransactionCount[0m
[32meth_estimateGas[0m
[32meth_sendRawTransaction[0m
  Contract call:       <UnrecognizedContract>
  Transaction:         0xdf88b194313605159c26e48faa6ce7508b7df12d1fbc2bfd29ff3743b45d678e
  From:                0xf39fd6e51aad88f6f4ce6ab8827279cfffb92266
  To:                  0x5fbdb2315678afecb367f032d93f642f64180aa3
  Value:               0 ETH
  Gas used:            29224 of 32193
  Block #2:            0xbfc881818b4515943fb6b8b80555241aaf9732117b7f48c71d8d70d304696369

[32meth_getTransactionReceipt[0m
[32meth_getTransactionCount[0m
[32meth_estimateGas[0m
[32meth_sendRawTransaction[0m
  Contract call:       <UnrecognizedContract>
  Transaction:         0xaac67aa7c65abcfaf2151427355a6a1f08924e6805ced025ec374e396066b522
  From:                0xf39fd6e51aad88f6f4ce6ab8827279cfffb92266
  To:                  0x5fbdb2315678afecb367f032d93f642f64180aa3
  Value:               0 ETH
  Gas used:            46409 of 46409
  Block #3:            0xbadca951ee9809e302ae13a8aaee1e9d9ae107831ee530c55cd9683bba81c72b

[32meth_getTransactionReceipt[0m
[32meth_call[0m
  Contract call:       <UnrecognizedContract>
  From:                0xf39fd6e51aad88f6f4ce6ab8827279cfffb92266
  To:                  0x5fbdb2315678afecb367f032d93f642f64180aa3

[32meth_call[0m
  Contract call:       <UnrecognizedContract>
  From:                0xf39fd6e51aad88f6f4ce6ab8827279cfffb92266
  To:                  0x5fbdb2315678afecb367f032d93f642f64180aa3

[32meth_call[0m
  Contract call:       <UnrecognizedContract>
  From:                0xf39fd6e51aad88f6f4ce6ab8827279cfffb92266
  To:                  0x5fbdb2315678afecb367f032d93f642f64180aa3

[32meth_getTransactionCount[0m
[32meth_estimateGas[0m
[32meth_sendRawTransaction[0m
  Contract call:       <UnrecognizedContract>
  Transaction:         0xaf3ee370fea0b1fe36d9306eef428fde5ff47cb8b5cb9cc8dfb0184103b2b3b4
  From:                0xf39fd6e51aad88f6f4ce6ab8827279cfffb92266
  To:                  0x5fbdb2315678afecb367f032d93f642f64180aa3
  Value:               0 ETH
  Gas used:            40795 of 40795
  Block #4:            0x563996d568d2aea5027392173f1665e5d613a2f19434c9c15ec71562c7da4be6

[32meth_getTransactionReceipt[0m
[32meth_getTransactionCount[0m
[32meth_estimateGas[0m
[32meth_sendRawTransaction[0m
  Contract call:       <UnrecognizedContract>
  Transaction:         0x2a054f6c0f5ed337aaebc2558f83b7e27314ab6332121bcb27975e306b58bb3e
  From:                0xf39fd6e51aad88f6f4ce6ab8827279cfffb92266
  To:                  0x5fbdb2315678afecb367f032d93f642f64180aa3
  Value:               0 ETH
  Gas used:            29212 of 32179
  Block #5:            0xc4d6c4c7bfb521dde4c7ab52afb5d81ea33b6993e967ff8f161239d20323dfbb

[32meth_getTransactionReceipt[0m
[32meth_getTransactionCount[0m
[32meth_estimateGas[0m
[32meth_sendRawTransaction[0m
  Contract call:       <UnrecognizedContract>
  Transaction:         0xf1d26319f2ff7dba459c783d97814774bf70a35838aad735f36374b7563969da
  From:                0xf39fd6e51aad88f6f4ce6ab8827279cfffb92266
  To:                  0x5fbdb2315678afecb367f032d93f642f64180aa3
  Value:               0 ETH
  Gas used:            92847 of 92847
  Block #6:            0x4dcbb774d0813413290cd85d75af1990ac6002b550e70b24b094bd595bad49ce

[32meth_getTransactionReceipt[0m
[32meth_getTransactionCount[0m
[32meth_estimateGas[0m
[32meth_sendRawTransaction[0m
  Contract call:       <UnrecognizedContract>
  Transaction:         0x149d688e20bde0216bffc4837278a4ccc0e7923192ad8132abd943650e7daff8
  From:                0xf39fd6e51aad88f6f4ce6ab8827279cfffb92266
  To:                  0x5fbdb2315678afecb367f032d93f642f64180aa3
  Value:               0 ETH
  Gas used:            29212 of 32179
  Block #7:            0x8e30fedbc90ec98959bdbf6a0d9713f37b6415312ff8cc536f04164d0d0697dd

[32meth_getTransactionReceipt[0m
[32meth_getTransactionCount[0m
[32meth_estimateGas[0m
[32meth_sendRawTransaction[0m
  Contract call:       <UnrecognizedContract>
  Transaction:         0xdf42283f3abc469d41afafc6c160da7c0b96bfba2a4d103094a5217f0e5aa8ca
  From:                0xf39fd6e51aad88f6f4ce6ab8827279cfffb92266
  To:                  0x5fbdb2315678afecb367f032d93f642f64180aa3
  Value:               0 ETH
  Gas used:            36812 of 36812
  Block #8:            0x135dc92860f4249e7b029b82d9aa29049e14952e7e8a9ea3069ecd66a1329a50

[32meth_getTransactionReceipt[0m
[32meth_getTransactionCount[0m
[32meth_estimateGas[0m
[32meth_sendRawTransaction[0m
  Contract call:       <UnrecognizedContract>
  Transaction:         0x722535200f3afccdef47dad70efbb9da887c014419d71729abb40aaac3257373
  From:                0xf39fd6e51aad88f6f4ce6ab8827279cfffb92266
  To:                  0x5fbdb2315678afecb367f032d93f642f64180aa3
  Value:               0 ETH
  Gas used:            36800 of 36800
  Block #9:            0xf16d81275b19e04c758d75bde4fe8e42e6e3eb324a6c8223d7c9506e009e689e

[32meth_getTransactionReceipt[0m
[32meth_blockNumber[0m
[32meth_getLogs[0m
